<?xml version="1.0" encoding="UTF-8"?>
<!-- Generated by org.testng.reporters.JUnitReportReporter -->
<testsuite hostname="LAPTOP-P98GOUMV" failures="0" tests="3" name="files.DynamicJson" time="12.574" errors="0" timestamp="2024-01-02T19:41:37 GMT-05:00" skipped="0">
  <testcase classname="files.DynamicJson" name="addBook" time="0.765"/>
  <testcase classname="files.DynamicJson" name="addBook" time="0.888"/>
  <testcase classname="files.DynamicJson" name="addBook" time="10.921"/>
</testsuite> <!-- files.DynamicJson -->
