<?xml version="1.0" encoding="UTF-8"?>
<!-- Generated by org.testng.reporters.JUnitReportReporter -->
<testsuite hostname="LAPTOP-P98GOUMV" failures="0" tests="1" name="files.SumValidation" time="2.158" errors="0" timestamp="2024-01-01T22:29:39 GMT-05:00" skipped="0">
  <testcase classname="files.SumValidation" name="SumOfCourses" time="2.158"/>
</testsuite> <!-- files.SumValidation -->
